<?xml version="1.0" encoding="UTF-8"?>
<!-- Generated by org.testng.reporters.JUnitXMLReporter -->
<testsuite ignored="0" hostname="LP-5CG04114CG" failures="0" tests="1" name="Default test" time="23.631" errors="0" timestamp="2023-01-19T09:56:20 IST">
  <testcase classname="Testcases.CrossBrowsers" name="@BeforeTest Setuptest" time="23.581">
    <failure type="java.lang.NoSuchMethodError" message="&amp;apos;void com.google.common.base.Preconditions.checkState(boolean, java.lang.String, java.lang.Object, java.lang.Object, java.lang.Object)&amp;apos;">
      <![CDATA[java.lang.NoSuchMethodError: 'void com.google.common.base.Preconditions.checkState(boolean, java.lang.String, java.lang.Object, java.lang.Object, java.lang.Object)'
at org.openqa.selenium.remote.service.DriverService.findExecutable(DriverService.java:134)
at org.openqa.selenium.edge.EdgeDriverService.access$000(EdgeDriverService.java:37)
at org.openqa.selenium.edge.EdgeDriverService$Builder.findDefaultExecutable(EdgeDriverService.java:90)
at org.openqa.selenium.remote.service.DriverService$Builder.build(DriverService.java:355)
at org.openqa.selenium.edge.EdgeDriverService.createDefaultService(EdgeDriverService.java:70)
at org.openqa.selenium.edge.EdgeDriver.<init>(EdgeDriver.java:96)
at Testcases.CrossBrowsers.Setuptest(CrossBrowsers.java:49)
at java.base/jdk.internal.reflect.NativeMethodAccessorImpl.invoke0(Native Method)
at java.base/jdk.internal.reflect.NativeMethodAccessorImpl.invoke(NativeMethodAccessorImpl.java:77)
at java.base/jdk.internal.reflect.DelegatingMethodAccessorImpl.invoke(DelegatingMethodAccessorImpl.java:43)
at java.base/java.lang.reflect.Method.invoke(Method.java:568)
at org.testng.internal.MethodInvocationHelper.invokeMethod(MethodInvocationHelper.java:133)
at org.testng.internal.MethodInvocationHelper.invokeMethodConsideringTimeout(MethodInvocationHelper.java:62)
at org.testng.internal.ConfigInvoker.invokeConfigurationMethod(ConfigInvoker.java:385)
at org.testng.internal.ConfigInvoker.invokeConfigurations(ConfigInvoker.java:321)
at org.testng.TestRunner.invokeTestConfigurations(TestRunner.java:637)
at org.testng.TestRunner.beforeRun(TestRunner.java:627)
at org.testng.TestRunner.run(TestRunner.java:589)
at org.testng.SuiteRunner.runTest(SuiteRunner.java:377)
at org.testng.SuiteRunner.runSequentially(SuiteRunner.java:371)
at org.testng.SuiteRunner.privateRun(SuiteRunner.java:332)
at org.testng.SuiteRunner.run(SuiteRunner.java:276)
at org.testng.SuiteRunnerWorker.runSuite(SuiteRunnerWorker.java:53)
at org.testng.SuiteRunnerWorker.run(SuiteRunnerWorker.java:96)
at org.testng.TestNG.runSuitesSequentially(TestNG.java:1212)
at org.testng.TestNG.runSuitesLocally(TestNG.java:1134)
at org.testng.TestNG.runSuites(TestNG.java:1063)
at org.testng.TestNG.run(TestNG.java:1031)
at org.testng.remote.AbstractRemoteTestNG.run(AbstractRemoteTestNG.java:115)
at org.testng.remote.RemoteTestNG.initAndRun(RemoteTestNG.java:251)
at org.testng.remote.RemoteTestNG.main(RemoteTestNG.java:77)
]]>
    </failure>
  </testcase> <!-- @BeforeTest Setuptest -->
  <testcase classname="Testcases.CrossBrowsers" name="@AfterTest tearDown" time="-1.67410238034E9">
    <skipped/>
  </testcase> <!-- @AfterTest tearDown -->
  <testcase classname="Testcases.CrossBrowsers" name="testAddToCart" time="0.0">
    <skipped/>
  </testcase> <!-- testAddToCart -->
</testsuite> <!-- Default test -->
